{"contracts/localizations/BasicEnglishLocalization.sol":{"l":{"7":2,"8":2,"9":2,"10":2,"11":2,"12":2,"14":2,"16":2,"17":2,"18":2,"19":2,"20":2,"21":2,"23":2,"24":2,"25":2,"26":2,"27":2,"28":2,"30":2,"31":2,"32":2,"33":2,"34":2,"35":2,"37":2,"38":2,"39":2,"40":2,"41":2,"42":2,"44":2,"45":2,"46":2,"47":2,"48":2,"49":2,"51":2,"52":2,"53":2,"54":2,"55":2,"56":2,"58":2},"path":"/Users/expede/Documents/Volunteer/FISSON/fission-translate/contracts/localizations/BasicEnglishLocalization.sol","s":{"1":2,"2":2,"3":2,"4":2,"5":2,"6":2,"7":2,"8":2,"9":2,"10":2,"11":2,"12":2,"13":2,"14":2,"15":2,"16":2,"17":2,"18":2,"19":2,"20":2,"21":2,"22":2,"23":2,"24":2,"25":2,"26":2,"27":2,"28":2,"29":2,"30":2,"31":2,"32":2,"33":2,"34":2,"35":2,"36":2,"37":2,"38":2,"39":2,"40":2,"41":2,"42":2,"43":2,"44":2},"b":{},"f":{"1":2},"fnMap":{"1":{"name":null,"line":6,"loc":{"start":{"line":6,"column":4},"end":{"line":6,"column":22}}}},"statementMap":{"1":{"start":{"line":7,"column":8},"end":{"line":7,"column":30}},"2":{"start":{"line":8,"column":8},"end":{"line":8,"column":30}},"3":{"start":{"line":9,"column":8},"end":{"line":9,"column":39}},"4":{"start":{"line":10,"column":8},"end":{"line":10,"column":38}},"5":{"start":{"line":11,"column":8},"end":{"line":11,"column":38}},"6":{"start":{"line":12,"column":8},"end":{"line":12,"column":30}},"7":{"start":{"line":14,"column":8},"end":{"line":14,"column":36}},"8":{"start":{"line":16,"column":8},"end":{"line":16,"column":33}},"9":{"start":{"line":17,"column":8},"end":{"line":17,"column":30}},"10":{"start":{"line":18,"column":8},"end":{"line":18,"column":43}},"11":{"start":{"line":19,"column":8},"end":{"line":19,"column":42}},"12":{"start":{"line":20,"column":8},"end":{"line":20,"column":47}},"13":{"start":{"line":21,"column":8},"end":{"line":21,"column":40}},"14":{"start":{"line":23,"column":8},"end":{"line":23,"column":32}},"15":{"start":{"line":24,"column":8},"end":{"line":24,"column":28}},"16":{"start":{"line":25,"column":8},"end":{"line":25,"column":41}},"17":{"start":{"line":26,"column":8},"end":{"line":26,"column":37}},"18":{"start":{"line":27,"column":8},"end":{"line":27,"column":45}},"19":{"start":{"line":28,"column":8},"end":{"line":28,"column":35}},"20":{"start":{"line":30,"column":8},"end":{"line":30,"column":44}},"21":{"start":{"line":31,"column":8},"end":{"line":31,"column":41}},"22":{"start":{"line":32,"column":8},"end":{"line":32,"column":33}},"23":{"start":{"line":33,"column":8},"end":{"line":33,"column":50}},"24":{"start":{"line":34,"column":8},"end":{"line":34,"column":49}},"25":{"start":{"line":35,"column":8},"end":{"line":35,"column":36}},"26":{"start":{"line":37,"column":8},"end":{"line":37,"column":34}},"27":{"start":{"line":38,"column":8},"end":{"line":38,"column":32}},"28":{"start":{"line":39,"column":8},"end":{"line":39,"column":36}},"29":{"start":{"line":40,"column":8},"end":{"line":40,"column":40}},"30":{"start":{"line":41,"column":8},"end":{"line":41,"column":56}},"31":{"start":{"line":42,"column":8},"end":{"line":42,"column":42}},"32":{"start":{"line":44,"column":8},"end":{"line":44,"column":38}},"33":{"start":{"line":45,"column":8},"end":{"line":45,"column":38}},"34":{"start":{"line":46,"column":8},"end":{"line":46,"column":29}},"35":{"start":{"line":47,"column":8},"end":{"line":47,"column":52}},"36":{"start":{"line":48,"column":8},"end":{"line":48,"column":45}},"37":{"start":{"line":49,"column":8},"end":{"line":49,"column":36}},"38":{"start":{"line":51,"column":8},"end":{"line":51,"column":40}},"39":{"start":{"line":52,"column":8},"end":{"line":52,"column":40}},"40":{"start":{"line":53,"column":8},"end":{"line":53,"column":48}},"41":{"start":{"line":54,"column":8},"end":{"line":54,"column":52}},"42":{"start":{"line":55,"column":8},"end":{"line":55,"column":48}},"43":{"start":{"line":56,"column":8},"end":{"line":56,"column":54}},"44":{"start":{"line":58,"column":8},"end":{"line":58,"column":67}}},"branchMap":{}},"contracts/localizations/FissionLocalization.sol":{"l":{"12":2},"path":"/Users/expede/Documents/Volunteer/FISSON/fission-translate/contracts/localizations/FissionLocalization.sol","s":{"1":2},"b":{},"f":{"1":2},"fnMap":{"1":{"name":"log","line":11,"loc":{"start":{"line":11,"column":4},"end":{"line":11,"column":36}}}},"statementMap":{"1":{"start":{"line":12,"column":8},"end":{"line":12,"column":51}}},"branchMap":{}},"contracts/localizations/PirateLocalization.sol":{"l":{"7":2,"8":2,"9":2,"10":2,"11":2,"12":2,"14":2,"16":2,"17":2,"18":2,"19":2,"20":2,"21":2,"23":2,"24":2,"25":2,"26":2,"27":2,"28":2,"30":2,"31":2,"32":2,"33":2,"34":2,"35":2,"37":2,"38":2,"39":2,"40":2,"41":2,"42":2,"44":2,"45":2,"46":2,"47":2,"48":2,"49":2,"51":2,"52":2,"53":2,"54":2,"55":2,"56":2,"58":2},"path":"/Users/expede/Documents/Volunteer/FISSON/fission-translate/contracts/localizations/PirateLocalization.sol","s":{"1":2,"2":2,"3":2,"4":2,"5":2,"6":2,"7":2,"8":2,"9":2,"10":2,"11":2,"12":2,"13":2,"14":2,"15":2,"16":2,"17":2,"18":2,"19":2,"20":2,"21":2,"22":2,"23":2,"24":2,"25":2,"26":2,"27":2,"28":2,"29":2,"30":2,"31":2,"32":2,"33":2,"34":2,"35":2,"36":2,"37":2,"38":2,"39":2,"40":2,"41":2,"42":2,"43":2,"44":2},"b":{},"f":{"1":2},"fnMap":{"1":{"name":null,"line":6,"loc":{"start":{"line":6,"column":4},"end":{"line":6,"column":22}}}},"statementMap":{"1":{"start":{"line":7,"column":8},"end":{"line":7,"column":27}},"2":{"start":{"line":8,"column":8},"end":{"line":8,"column":27}},"3":{"start":{"line":9,"column":8},"end":{"line":9,"column":48}},"4":{"start":{"line":10,"column":8},"end":{"line":10,"column":31}},"5":{"start":{"line":11,"column":8},"end":{"line":11,"column":46}},"6":{"start":{"line":12,"column":8},"end":{"line":12,"column":55}},"7":{"start":{"line":14,"column":8},"end":{"line":14,"column":46}},"8":{"start":{"line":16,"column":8},"end":{"line":16,"column":41}},"9":{"start":{"line":17,"column":8},"end":{"line":17,"column":38}},"10":{"start":{"line":18,"column":8},"end":{"line":18,"column":54}},"11":{"start":{"line":19,"column":8},"end":{"line":19,"column":51}},"12":{"start":{"line":20,"column":8},"end":{"line":20,"column":47}},"13":{"start":{"line":21,"column":8},"end":{"line":21,"column":40}},"14":{"start":{"line":23,"column":8},"end":{"line":23,"column":40}},"15":{"start":{"line":24,"column":8},"end":{"line":24,"column":36}},"16":{"start":{"line":25,"column":8},"end":{"line":25,"column":48}},"17":{"start":{"line":26,"column":8},"end":{"line":26,"column":52}},"18":{"start":{"line":27,"column":8},"end":{"line":27,"column":54}},"19":{"start":{"line":28,"column":8},"end":{"line":28,"column":42}},"20":{"start":{"line":30,"column":8},"end":{"line":30,"column":37}},"21":{"start":{"line":31,"column":8},"end":{"line":31,"column":61}},"22":{"start":{"line":32,"column":8},"end":{"line":32,"column":46}},"23":{"start":{"line":33,"column":8},"end":{"line":33,"column":50}},"24":{"start":{"line":34,"column":8},"end":{"line":34,"column":50}},"25":{"start":{"line":35,"column":8},"end":{"line":35,"column":52}},"26":{"start":{"line":37,"column":8},"end":{"line":37,"column":36}},"27":{"start":{"line":38,"column":8},"end":{"line":38,"column":40}},"28":{"start":{"line":39,"column":8},"end":{"line":39,"column":35}},"29":{"start":{"line":40,"column":8},"end":{"line":40,"column":36}},"30":{"start":{"line":41,"column":8},"end":{"line":41,"column":48}},"31":{"start":{"line":42,"column":8},"end":{"line":42,"column":44}},"32":{"start":{"line":44,"column":8},"end":{"line":44,"column":57}},"33":{"start":{"line":45,"column":8},"end":{"line":45,"column":49}},"34":{"start":{"line":46,"column":8},"end":{"line":46,"column":44}},"35":{"start":{"line":47,"column":8},"end":{"line":47,"column":61}},"36":{"start":{"line":48,"column":8},"end":{"line":48,"column":46}},"37":{"start":{"line":49,"column":8},"end":{"line":49,"column":65}},"38":{"start":{"line":51,"column":8},"end":{"line":51,"column":55}},"39":{"start":{"line":52,"column":8},"end":{"line":52,"column":55}},"40":{"start":{"line":53,"column":8},"end":{"line":53,"column":54}},"41":{"start":{"line":54,"column":8},"end":{"line":54,"column":56}},"42":{"start":{"line":55,"column":8},"end":{"line":55,"column":53}},"43":{"start":{"line":56,"column":8},"end":{"line":56,"column":54}},"44":{"start":{"line":58,"column":8},"end":{"line":58,"column":68}}},"branchMap":{}},"contracts/localizations/SpanishLocalization.sol":{"l":{"7":2,"8":2,"9":2,"10":2,"11":2,"12":2,"14":2,"16":2,"17":2,"18":2,"19":2,"20":2,"21":2,"23":2,"24":2,"25":2,"26":2,"27":2,"28":2,"30":2,"31":2,"32":2,"33":2,"34":2,"35":2,"37":2,"38":2,"39":2,"40":2,"41":2,"42":2,"44":2,"45":2,"46":2,"47":2,"48":2,"49":2,"51":2,"52":2,"53":2,"54":2,"55":2,"56":2,"58":2},"path":"/Users/expede/Documents/Volunteer/FISSON/fission-translate/contracts/localizations/SpanishLocalization.sol","s":{"1":2,"2":2,"3":2,"4":2,"5":2,"6":2,"7":2,"8":2,"9":2,"10":2,"11":2,"12":2,"13":2,"14":2,"15":2,"16":2,"17":2,"18":2,"19":2,"20":2,"21":2,"22":2,"23":2,"24":2,"25":2,"26":2,"27":2,"28":2,"29":2,"30":2,"31":2,"32":2,"33":2,"34":2,"35":2,"36":2,"37":2,"38":2,"39":2,"40":2,"41":2,"42":2,"43":2,"44":2},"b":{},"f":{"1":2},"fnMap":{"1":{"name":null,"line":6,"loc":{"start":{"line":6,"column":4},"end":{"line":6,"column":22}}}},"statementMap":{"1":{"start":{"line":7,"column":8},"end":{"line":7,"column":28}},"2":{"start":{"line":8,"column":8},"end":{"line":8,"column":28}},"3":{"start":{"line":9,"column":8},"end":{"line":9,"column":40}},"4":{"start":{"line":10,"column":8},"end":{"line":10,"column":41}},"5":{"start":{"line":11,"column":8},"end":{"line":11,"column":39}},"6":{"start":{"line":12,"column":8},"end":{"line":12,"column":31}},"7":{"start":{"line":14,"column":8},"end":{"line":14,"column":36}},"8":{"start":{"line":16,"column":8},"end":{"line":16,"column":32}},"9":{"start":{"line":17,"column":8},"end":{"line":17,"column":32}},"10":{"start":{"line":18,"column":8},"end":{"line":18,"column":40}},"11":{"start":{"line":19,"column":8},"end":{"line":19,"column":40}},"12":{"start":{"line":20,"column":8},"end":{"line":20,"column":43}},"13":{"start":{"line":21,"column":8},"end":{"line":21,"column":41}},"14":{"start":{"line":23,"column":8},"end":{"line":23,"column":36}},"15":{"start":{"line":24,"column":8},"end":{"line":24,"column":33}},"16":{"start":{"line":25,"column":8},"end":{"line":25,"column":52}},"17":{"start":{"line":26,"column":8},"end":{"line":26,"column":41}},"18":{"start":{"line":27,"column":8},"end":{"line":27,"column":53}},"19":{"start":{"line":28,"column":8},"end":{"line":28,"column":37}},"20":{"start":{"line":30,"column":8},"end":{"line":30,"column":42}},"21":{"start":{"line":31,"column":8},"end":{"line":31,"column":41}},"22":{"start":{"line":32,"column":8},"end":{"line":32,"column":36}},"23":{"start":{"line":33,"column":8},"end":{"line":33,"column":52}},"24":{"start":{"line":34,"column":8},"end":{"line":34,"column":46}},"25":{"start":{"line":35,"column":8},"end":{"line":35,"column":38}},"26":{"start":{"line":37,"column":8},"end":{"line":37,"column":36}},"27":{"start":{"line":38,"column":8},"end":{"line":38,"column":33}},"28":{"start":{"line":39,"column":8},"end":{"line":39,"column":36}},"29":{"start":{"line":40,"column":8},"end":{"line":40,"column":40}},"30":{"start":{"line":41,"column":8},"end":{"line":41,"column":56}},"31":{"start":{"line":42,"column":8},"end":{"line":42,"column":44}},"32":{"start":{"line":44,"column":8},"end":{"line":44,"column":41}},"33":{"start":{"line":45,"column":8},"end":{"line":45,"column":41}},"34":{"start":{"line":46,"column":8},"end":{"line":46,"column":30}},"35":{"start":{"line":47,"column":8},"end":{"line":47,"column":53}},"36":{"start":{"line":48,"column":8},"end":{"line":48,"column":38}},"37":{"start":{"line":49,"column":8},"end":{"line":49,"column":37}},"38":{"start":{"line":51,"column":8},"end":{"line":51,"column":38}},"39":{"start":{"line":52,"column":8},"end":{"line":52,"column":38}},"40":{"start":{"line":53,"column":8},"end":{"line":53,"column":49}},"41":{"start":{"line":54,"column":8},"end":{"line":54,"column":55}},"42":{"start":{"line":55,"column":8},"end":{"line":55,"column":49}},"43":{"start":{"line":56,"column":8},"end":{"line":56,"column":55}},"44":{"start":{"line":58,"column":8},"end":{"line":58,"column":71}}},"branchMap":{}}}